<?xml version="1.0" encoding="UTF-8"?>
<robot generator="Robot 6.1.1 (Python 3.11.4 on win32)" generated="20231228 14:41:34.120" rpa="false" schemaversion="4">
<suite id="s1" name="Login Com Sucesso" source="c:\Users\felip\Music\swaglabs_robot\testes\login_com_sucesso.robot">
<test id="s1-t1" name="Efetuando login com sucesso no swag labs" line="7">
<kw name="Dado que eu acesse o Swag labs" library="login" type="SETUP">
<kw name="Open Browser" library="SeleniumLibrary">
<arg>url=${URL}</arg>
<arg>browser=${BROWSER}</arg>
<doc>Opens a new browser instance to the optional ``url``.</doc>
<msg timestamp="20231228 14:41:34.342" level="INFO">Opening browser 'Chrome' to base url 'https://www.saucedemo.com/v1/index.html'.</msg>
<status status="PASS" starttime="20231228 14:41:34.342" endtime="20231228 14:41:37.234"/>
</kw>
<status status="PASS" starttime="20231228 14:41:34.341" endtime="20231228 14:41:37.234"/>
</kw>
<kw name="E Preencher o campo de login com USUARIO e SENHA" library="login">
<kw name="Input Text" library="SeleniumLibrary">
<arg>${CAMPO_LOGIN}</arg>
<arg>standard_user</arg>
<doc>Types the given ``text`` into the text field identified by ``locator``.</doc>
<msg timestamp="20231228 14:41:37.236" level="INFO">Typing text 'standard_user' into text field 'id:user-name'.</msg>
<status status="PASS" starttime="20231228 14:41:37.235" endtime="20231228 14:41:37.409"/>
</kw>
<kw name="Input Text" library="SeleniumLibrary">
<arg>${CAMPO_SENHA}</arg>
<arg>secret_sauce</arg>
<doc>Types the given ``text`` into the text field identified by ``locator``.</doc>
<msg timestamp="20231228 14:41:37.410" level="INFO">Typing text 'secret_sauce' into text field 'id:password'.</msg>
<status status="PASS" starttime="20231228 14:41:37.410" endtime="20231228 14:41:37.493"/>
</kw>
<status status="PASS" starttime="20231228 14:41:37.235" endtime="20231228 14:41:37.495"/>
</kw>
<kw name="Quando Clicar no botão de login" library="login">
<kw name="Click Button" library="SeleniumLibrary">
<arg>${BOTAO_LOGIN}</arg>
<doc>Clicks the button identified by ``locator``.</doc>
<msg timestamp="20231228 14:41:37.496" level="INFO">Clicking button 'id:login-button'.</msg>
<status status="PASS" starttime="20231228 14:41:37.495" endtime="20231228 14:41:38.167"/>
</kw>
<status status="PASS" starttime="20231228 14:41:37.495" endtime="20231228 14:41:38.167"/>
</kw>
<kw name="Então o usuario deve estar logado" library="login">
<kw name="Element Should Be Visible" library="SeleniumLibrary">
<arg>class:product_label</arg>
<doc>Verifies that the element identified by ``locator`` is visible.</doc>
<msg timestamp="20231228 14:41:38.200" level="INFO">Element 'class:product_label' is displayed.</msg>
<status status="PASS" starttime="20231228 14:41:38.168" endtime="20231228 14:41:38.200"/>
</kw>
<kw name="Sleep" library="BuiltIn">
<arg>3s</arg>
<doc>Pauses the test executed for the given time.</doc>
<msg timestamp="20231228 14:41:41.201" level="INFO">Slept 3 seconds</msg>
<status status="PASS" starttime="20231228 14:41:38.200" endtime="20231228 14:41:41.201"/>
</kw>
<status status="PASS" starttime="20231228 14:41:38.167" endtime="20231228 14:41:41.201"/>
</kw>
<kw name="Fechar navegador" library="setup_teardown" type="TEARDOWN">
<kw name="Close Browser" library="SeleniumLibrary">
<doc>Closes the current browser.</doc>
<status status="PASS" starttime="20231228 14:41:41.202" endtime="20231228 14:41:43.390"/>
</kw>
<status status="PASS" starttime="20231228 14:41:41.202" endtime="20231228 14:41:43.390"/>
</kw>
<status status="PASS" starttime="20231228 14:41:34.341" endtime="20231228 14:41:43.391"/>
</test>
<status status="PASS" starttime="20231228 14:41:34.125" endtime="20231228 14:41:43.392"/>
</suite>
<statistics>
<total>
<stat pass="1" fail="0" skip="0">All Tests</stat>
</total>
<tag>
</tag>
<suite>
<stat pass="1" fail="0" skip="0" id="s1" name="Login Com Sucesso">Login Com Sucesso</stat>
</suite>
</statistics>
<errors>
</errors>
</robot>
